# JRE version: OpenJDK Runtime Environment (8.0_152-b01) (build 1.8.0_152-release-1024-b01)
# Java VM: OpenJDK 64-Bit Server VM (25.152-b01 mixed mode linux-amd64 compressed oops)
Heap:
 PSYoungGen      total 369152K, used 5202K [0x000000078bf00000, 0x00000007a5480000, 0x00000007c0000000)
  eden space 328704K, 0% used [0x000000078bf00000,0x000000078bf00000,0x00000007a0000000)
  from space 40448K, 12% used [0x00000007a0000000,0x00000007a0514b68,0x00000007a2780000)
  to   space 41472K, 0% used [0x00000007a2780000,0x00000007a2780000,0x00000007a5000000)
 ParOldGen       total 137728K, used 65366K [0x0000000723c00000, 0x000000072c280000, 0x000000078bf00000)
  object space 137728K, 47% used [0x0000000723c00000,0x0000000727bd5ac0,0x000000072c280000)
 Metaspace       used 92122K, capacity 96976K, committed 97752K, reserved 1134592K
  class space    used 11765K, capacity 12839K, committed 13056K, reserved 1048576K
GC Heap History (10 events):
Event: 3647.460 GC heap after
Heap after GC invocations=24 (full 3):
 PSYoungGen      total 246784K, used 29643K [0x000000078bf00000, 0x00000007a0780000, 0x00000007c0000000)
  eden space 210944K, 0% used [0x000000078bf00000,0x000000078bf00000,0x0000000798d00000)
  from space 35840K, 82% used [0x0000000798d00000,0x000000079a9f2f00,0x000000079b000000)
  to   space 39424K, 0% used [0x000000079e100000,0x000000079e100000,0x00000007a0780000)
 ParOldGen       total 87552K, used 61491K [0x0000000723c00000, 0x0000000729180000, 0x000000078bf00000)
  object space 87552K, 70% used [0x0000000723c00000,0x000000072780cdb8,0x0000000729180000)
 Metaspace       used 91104K, capacity 96532K, committed 96728K, reserved 1132544K
  class space    used 11788K, capacity 12931K, committed 13056K, reserved 1048576K
}
Event: 3649.488 GC heap before
{Heap before GC invocations=25 (full 3):
 PSYoungGen      total 246784K, used 240587K [0x000000078bf00000, 0x00000007a0780000, 0x00000007c0000000)
  eden space 210944K, 100% used [0x000000078bf00000,0x0000000798d00000,0x0000000798d00000)
  from space 35840K, 82% used [0x0000000798d00000,0x000000079a9f2f00,0x000000079b000000)
  to   space 39424K, 0% used [0x000000079e100000,0x000000079e100000,0x00000007a0780000)
 ParOldGen       total 87552K, used 61491K [0x0000000723c00000, 0x0000000729180000, 0x000000078bf00000)
  object space 87552K, 70% used [0x0000000723c00000,0x000000072780cdb8,0x0000000729180000)
 Metaspace       used 91492K, capacity 96960K, committed 97240K, reserved 1134592K
  class space    used 11810K, capacity 12963K, committed 13056K, reserved 1048576K
Event: 3649.595 GC heap after
Heap after GC invocations=25 (full 3):
 PSYoungGen      total 295424K, used 27677K [0x000000078bf00000, 0x00000007a1700000, 0x00000007c0000000)
  eden space 256000K, 0% used [0x000000078bf00000,0x000000078bf00000,0x000000079b900000)
  from space 39424K, 70% used [0x000000079e100000,0x000000079fc077f8,0x00000007a0780000)
  to   space 40960K, 0% used [0x000000079b900000,0x000000079b900000,0x000000079e100000)
 ParOldGen       total 87552K, used 62931K [0x0000000723c00000, 0x0000000729180000, 0x000000078bf00000)
  object space 87552K, 71% used [0x0000000723c00000,0x0000000727974e48,0x0000000729180000)
 Metaspace       used 91492K, capacity 96960K, committed 97240K, reserved 1134592K
  class space    used 11810K, capacity 12963K, committed 13056K, reserved 1048576K
}
Event: 3651.879 GC heap before
{Heap before GC invocations=26 (full 3):
 PSYoungGen      total 295424K, used 283677K [0x000000078bf00000, 0x00000007a1700000, 0x00000007c0000000)
  eden space 256000K, 100% used [0x000000078bf00000,0x000000079b900000,0x000000079b900000)
  from space 39424K, 70% used [0x000000079e100000,0x000000079fc077f8,0x00000007a0780000)
  to   space 40960K, 0% used [0x000000079b900000,0x000000079b900000,0x000000079e100000)
 ParOldGen       total 87552K, used 62931K [0x0000000723c00000, 0x0000000729180000, 0x000000078bf00000)
  object space 87552K, 71% used [0x0000000723c00000,0x0000000727974e48,0x0000000729180000)
 Metaspace       used 91874K, capacity 97364K, committed 97496K, reserved 1134592K
  class space    used 11826K, capacity 12965K, committed 13056K, reserved 1048576K
Event: 3651.927 GC heap after
Heap after GC invocations=26 (full 3):
 PSYoungGen      total 296960K, used 3584K [0x000000078bf00000, 0x00000007a5000000, 0x00000007c0000000)
  eden space 256000K, 0% used [0x000000078bf00000,0x000000078bf00000,0x000000079b900000)
  from space 40960K, 8% used [0x000000079b900000,0x000000079bc80030,0x000000079e100000)
  to   space 41472K, 0% used [0x00000007a2780000,0x00000007a2780000,0x00000007a5000000)
 ParOldGen       total 87552K, used 78533K [0x0000000723c00000, 0x0000000729180000, 0x000000078bf00000)
  object space 87552K, 89% used [0x0000000723c00000,0x00000007288b14f8,0x0000000729180000)
 Metaspace       used 91874K, capacity 97364K, committed 97496K, reserved 1134592K
  class space    used 11826K, capacity 12965K, committed 13056K, reserved 1048576K
}
Event: 3651.939 GC heap before
{Heap before GC invocations=27 (full 4):
 PSYoungGen      total 296960K, used 3584K [0x000000078bf00000, 0x00000007a5000000, 0x00000007c0000000)
  eden space 256000K, 0% used [0x000000078bf00000,0x000000078bf00000,0x000000079b900000)
  from space 40960K, 8% used [0x000000079b900000,0x000000079bc80030,0x000000079e100000)
  to   space 41472K, 0% used [0x00000007a2780000,0x00000007a2780000,0x00000007a5000000)
 ParOldGen       total 87552K, used 78533K [0x0000000723c00000, 0x0000000729180000, 0x000000078bf00000)
  object space 87552K, 89% used [0x0000000723c00000,0x00000007288b14f8,0x0000000729180000)
 Metaspace       used 91874K, capacity 97364K, committed 97496K, reserved 1134592K
  class space    used 11826K, capacity 12965K, committed 13056K, reserved 1048576K
Event: 3652.742 GC heap after
Heap after GC invocations=27 (full 4):
 PSYoungGen      total 296960K, used 0K [0x000000078bf00000, 0x00000007a5000000, 0x00000007c0000000)
  eden space 256000K, 0% used [0x000000078bf00000,0x000000078bf00000,0x000000079b900000)
  from space 40960K, 0% used [0x000000079b900000,0x000000079b900000,0x000000079e100000)
  to   space 41472K, 0% used [0x00000007a2780000,0x00000007a2780000,0x00000007a5000000)
 ParOldGen       total 137728K, used 64954K [0x0000000723c00000, 0x000000072c280000, 0x000000078bf00000)
  object space 137728K, 47% used [0x0000000723c00000,0x0000000727b6eab0,0x000000072c280000)
 Metaspace       used 91491K, capacity 96312K, committed 97496K, reserved 1134592K
  class space    used 11717K, capacity 12787K, committed 13056K, reserved 1048576K
}
Event: 3654.104 GC heap before
{Heap before GC invocations=28 (full 4):
 PSYoungGen      total 296960K, used 256000K [0x000000078bf00000, 0x00000007a5000000, 0x00000007c0000000)
  eden space 256000K, 100% used [0x000000078bf00000,0x000000079b900000,0x000000079b900000)
  from space 40960K, 0% used [0x000000079b900000,0x000000079b900000,0x000000079e100000)
  to   space 41472K, 0% used [0x00000007a2780000,0x00000007a2780000,0x00000007a5000000)
 ParOldGen       total 137728K, used 64954K [0x0000000723c00000, 0x000000072c280000, 0x000000078bf00000)
  object space 137728K, 47% used [0x0000000723c00000,0x0000000727b6eab0,0x000000072c280000)
 Metaspace       used 91827K, capacity 96666K, committed 97496K, reserved 1134592K
  class space    used 11754K, capacity 12836K, committed 13056K, reserved 1048576K
Event: 3654.163 GC heap after
Heap after GC invocations=28 (full 4):
 PSYoungGen      total 370176K, used 6816K [0x000000078bf00000, 0x00000007a5480000, 0x00000007c0000000)
  eden space 328704K, 0% used [0x000000078bf00000,0x000000078bf00000,0x00000007a0000000)
  from space 41472K, 16% used [0x00000007a2780000,0x00000007a2e28188,0x00000007a5000000)
  to   space 40448K, 0% used [0x00000007a0000000,0x00000007a0000000,0x00000007a2780000)
 ParOldGen       total 137728K, used 64954K [0x0000000723c00000, 0x000000072c280000, 0x000000078bf00000)
  object space 137728K, 47% used [0x0000000723c00000,0x0000000727b6eab0,0x000000072c280000)
 Metaspace       used 91827K, capacity 96666K, committed 97496K, reserved 1134592K
  class space    used 11754K, capacity 12836K, committed 13056K, reserved 1048576K
}
Event: 3655.799 GC heap before
{Heap before GC invocations=29 (full 4):
 PSYoungGen      total 370176K, used 335520K [0x000000078bf00000, 0x00000007a5480000, 0x00000007c0000000)
  eden space 328704K, 100% used [0x000000078bf00000,0x00000007a0000000,0x00000007a0000000)
  from space 41472K, 16% used [0x00000007a2780000,0x00000007a2e28188,0x00000007a5000000)
  to   space 40448K, 0% used [0x00000007a0000000,0x00000007a0000000,0x00000007a2780000)
 ParOldGen       total 137728K, used 64954K [0x0000000723c00000, 0x000000072c280000, 0x000000078bf00000)
  object space 137728K, 47% used [0x0000000723c00000,0x0000000727b6eab0,0x000000072c280000)
 Metaspace       used 92122K, capacity 96976K, committed 97752K, reserved 1134592K
  class space    used 11765K, capacity 12839K, committed 13056K, reserved 1048576K

