# JRE version: OpenJDK Runtime Environment (8.0_152-b01) (build 1.8.0_152-release-1024-b01)
# Java VM: OpenJDK 64-Bit Server VM (25.152-b01 mixed mode linux-amd64 compressed oops)
Heap:
 PSYoungGen      total 111616K, used 10211K [0x000000078bf00000, 0x0000000794b80000, 0x00000007c0000000)
  eden space 101376K, 0% used [0x000000078bf00000,0x000000078bf00000,0x0000000792200000)
  from space 10240K, 99% used [0x0000000793780000,0x0000000794178e50,0x0000000794180000)
  to   space 6656K, 0% used [0x0000000794500000,0x0000000794500000,0x0000000794b80000)
 ParOldGen       total 40448K, used 15034K [0x0000000723c00000, 0x0000000726380000, 0x000000078bf00000)
  object space 40448K, 37% used [0x0000000723c00000,0x0000000724aae810,0x0000000726380000)
 Metaspace       used 33412K, capacity 34092K, committed 34304K, reserved 1079296K
  class space    used 4633K, capacity 4855K, committed 4864K, reserved 1048576K
GC Heap History (10 events):
Event: 5.188 GC heap after
Heap after GC invocations=3 (full 0):
 PSYoungGen      total 34304K, used 2544K [0x000000078bf00000, 0x0000000790200000, 0x00000007c0000000)
  eden space 31744K, 0% used [0x000000078bf00000,0x000000078bf00000,0x000000078de00000)
  from space 2560K, 99% used [0x000000078de00000,0x000000078e07c020,0x000000078e080000)
  to   space 2560K, 0% used [0x000000078ff80000,0x000000078ff80000,0x0000000790200000)
 ParOldGen       total 42496K, used 3178K [0x0000000723c00000, 0x0000000726580000, 0x000000078bf00000)
  object space 42496K, 7% used [0x0000000723c00000,0x0000000723f1aa20,0x0000000726580000)
 Metaspace       used 11223K, capacity 11488K, committed 11648K, reserved 1058816K
  class space    used 1492K, capacity 1608K, committed 1664K, reserved 1048576K
}
Event: 6.385 GC heap before
{Heap before GC invocations=4 (full 0):
 PSYoungGen      total 34304K, used 34288K [0x000000078bf00000, 0x0000000790200000, 0x00000007c0000000)
  eden space 31744K, 100% used [0x000000078bf00000,0x000000078de00000,0x000000078de00000)
  from space 2560K, 99% used [0x000000078de00000,0x000000078e07c020,0x000000078e080000)
  to   space 2560K, 0% used [0x000000078ff80000,0x000000078ff80000,0x0000000790200000)
 ParOldGen       total 42496K, used 3178K [0x0000000723c00000, 0x0000000726580000, 0x000000078bf00000)
  object space 42496K, 7% used [0x0000000723c00000,0x0000000723f1aa20,0x0000000726580000)
 Metaspace       used 13911K, capacity 14276K, committed 14464K, reserved 1060864K
  class space    used 1957K, capacity 2090K, committed 2176K, reserved 1048576K
Event: 6.423 GC heap after
Heap after GC invocations=4 (full 0):
 PSYoungGen      total 66048K, used 2528K [0x000000078bf00000, 0x0000000790200000, 0x00000007c0000000)
  eden space 63488K, 0% used [0x000000078bf00000,0x000000078bf00000,0x000000078fd00000)
  from space 2560K, 98% used [0x000000078ff80000,0x00000007901f8030,0x0000000790200000)
  to   space 2560K, 0% used [0x000000078fd00000,0x000000078fd00000,0x000000078ff80000)
 ParOldGen       total 42496K, used 6698K [0x0000000723c00000, 0x0000000726580000, 0x000000078bf00000)
  object space 42496K, 15% used [0x0000000723c00000,0x000000072428a900,0x0000000726580000)
 Metaspace       used 13911K, capacity 14276K, committed 14464K, reserved 1060864K
  class space    used 1957K, capacity 2090K, committed 2176K, reserved 1048576K
}
Event: 9.860 GC heap before
{Heap before GC invocations=5 (full 0):
 PSYoungGen      total 66048K, used 50752K [0x000000078bf00000, 0x0000000790200000, 0x00000007c0000000)
  eden space 63488K, 75% used [0x000000078bf00000,0x000000078ee18088,0x000000078fd00000)
  from space 2560K, 98% used [0x000000078ff80000,0x00000007901f8030,0x0000000790200000)
  to   space 2560K, 0% used [0x000000078fd00000,0x000000078fd00000,0x000000078ff80000)
 ParOldGen       total 42496K, used 6698K [0x0000000723c00000, 0x0000000726580000, 0x000000078bf00000)
  object space 42496K, 15% used [0x0000000723c00000,0x000000072428a900,0x0000000726580000)
 Metaspace       used 20663K, capacity 21054K, committed 21248K, reserved 1067008K
  class space    used 2897K, capacity 3038K, committed 3072K, reserved 1048576K
Event: 9.876 GC heap after
Heap after GC invocations=5 (full 0):
 PSYoungGen      total 66048K, used 2528K [0x000000078bf00000, 0x0000000794f00000, 0x00000007c0000000)
  eden space 63488K, 0% used [0x000000078bf00000,0x000000078bf00000,0x000000078fd00000)
  from space 2560K, 98% used [0x000000078fd00000,0x000000078ff78040,0x000000078ff80000)
  to   space 10240K, 0% used [0x0000000794500000,0x0000000794500000,0x0000000794f00000)
 ParOldGen       total 42496K, used 13678K [0x0000000723c00000, 0x0000000726580000, 0x000000078bf00000)
  object space 42496K, 32% used [0x0000000723c00000,0x000000072495baa8,0x0000000726580000)
 Metaspace       used 20663K, capacity 21054K, committed 21248K, reserved 1067008K
  class space    used 2897K, capacity 3038K, committed 3072K, reserved 1048576K
}
Event: 9.876 GC heap before
{Heap before GC invocations=6 (full 1):
 PSYoungGen      total 66048K, used 2528K [0x000000078bf00000, 0x0000000794f00000, 0x00000007c0000000)
  eden space 63488K, 0% used [0x000000078bf00000,0x000000078bf00000,0x000000078fd00000)
  from space 2560K, 98% used [0x000000078fd00000,0x000000078ff78040,0x000000078ff80000)
  to   space 10240K, 0% used [0x0000000794500000,0x0000000794500000,0x0000000794f00000)
 ParOldGen       total 42496K, used 13678K [0x0000000723c00000, 0x0000000726580000, 0x000000078bf00000)
  object space 42496K, 32% used [0x0000000723c00000,0x000000072495baa8,0x0000000726580000)
 Metaspace       used 20663K, capacity 21054K, committed 21248K, reserved 1067008K
  class space    used 2897K, capacity 3038K, committed 3072K, reserved 1048576K
Event: 9.958 GC heap after
Heap after GC invocations=6 (full 1):
 PSYoungGen      total 66048K, used 0K [0x000000078bf00000, 0x0000000794f00000, 0x00000007c0000000)
  eden space 63488K, 0% used [0x000000078bf00000,0x000000078bf00000,0x000000078fd00000)
  from space 2560K, 0% used [0x000000078fd00000,0x000000078fd00000,0x000000078ff80000)
  to   space 10240K, 0% used [0x0000000794500000,0x0000000794500000,0x0000000794f00000)
 ParOldGen       total 40448K, used 10837K [0x0000000723c00000, 0x0000000726380000, 0x000000078bf00000)
  object space 40448K, 26% used [0x0000000723c00000,0x0000000724695558,0x0000000726380000)
 Metaspace       used 20663K, capacity 21054K, committed 21248K, reserved 1067008K
  class space    used 2897K, capacity 3038K, committed 3072K, reserved 1048576K
}
Event: 12.942 GC heap before
{Heap before GC invocations=7 (full 1):
 PSYoungGen      total 66048K, used 63488K [0x000000078bf00000, 0x0000000794f00000, 0x00000007c0000000)
  eden space 63488K, 100% used [0x000000078bf00000,0x000000078fd00000,0x000000078fd00000)
  from space 2560K, 0% used [0x000000078fd00000,0x000000078fd00000,0x000000078ff80000)
  to   space 10240K, 0% used [0x0000000794500000,0x0000000794500000,0x0000000794f00000)
 ParOldGen       total 40448K, used 10837K [0x0000000723c00000, 0x0000000726380000, 0x000000078bf00000)
  object space 40448K, 26% used [0x0000000723c00000,0x0000000724695558,0x0000000726380000)
 Metaspace       used 26171K, capacity 26702K, committed 26880K, reserved 1073152K
  class space    used 3605K, capacity 3804K, committed 3840K, reserved 1048576K
Event: 12.954 GC heap after
Heap after GC invocations=7 (full 1):
 PSYoungGen      total 108032K, used 6518K [0x000000078bf00000, 0x0000000794b80000, 0x00000007c0000000)
  eden space 101376K, 0% used [0x000000078bf00000,0x000000078bf00000,0x0000000792200000)
  from space 6656K, 97% used [0x0000000794500000,0x0000000794b5da70,0x0000000794b80000)
  to   space 10240K, 0% used [0x0000000793780000,0x0000000793780000,0x0000000794180000)
 ParOldGen       total 40448K, used 10845K [0x0000000723c00000, 0x0000000726380000, 0x000000078bf00000)
  object space 40448K, 26% used [0x0000000723c00000,0x0000000724697558,0x0000000726380000)
 Metaspace       used 26171K, capacity 26702K, committed 26880K, reserved 1073152K
  class space    used 3605K, capacity 3804K, committed 3840K, reserved 1048576K
}
Event: 20.527 GC heap before
{Heap before GC invocations=8 (full 1):
 PSYoungGen      total 108032K, used 107894K [0x000000078bf00000, 0x0000000794b80000, 0x00000007c0000000)
  eden space 101376K, 100% used [0x000000078bf00000,0x0000000792200000,0x0000000792200000)
  from space 6656K, 97% used [0x0000000794500000,0x0000000794b5da70,0x0000000794b80000)
  to   space 10240K, 0% used [0x0000000793780000,0x0000000793780000,0x0000000794180000)
 ParOldGen       total 40448K, used 10845K [0x0000000723c00000, 0x0000000726380000, 0x000000078bf00000)
  object space 40448K, 26% used [0x0000000723c00000,0x0000000724697558,0x0000000726380000)
 Metaspace       used 33412K, capacity 34092K, committed 34304K, reserved 1079296K
  class space    used 4633K, capacity 4855K, committed 4864K, reserved 1048576K

